MCS-Spring-2016-Mobile-Application-Development/Inclass Assignments/Chapter_4_Compass/app/build/outputs/logs/manifest-merger-debug-report.txt
-- Merging decision tree log ---
manifest
ADDED from src\main\AndroidManifest.xml:2:1-15:12
	package
		ADDED from src\main\AndroidManifest.xml:3:3-29
		INJECTED from src\main\AndroidManifest.xml
		INJECTED from src\main\AndroidManifest.xml
	android:versionName
		ADDED from src\main\AndroidManifest.xml:5:3-28
		INJECTED from src\main\AndroidManifest.xml
		INJECTED from src\main\AndroidManifest.xml
	android:versionCode
		ADDED from src\main\AndroidManifest.xml:4:3-26
		INJECTED from src\main\AndroidManifest.xml
		INJECTED from src\main\AndroidManifest.xml
	xmlns:android
		ADDED from src\main\AndroidManifest.xml:2:11-69
application
ADDED from src\main\AndroidManifest.xml:7:3-14:17
	android:label
		ADDED from src\main\AndroidManifest.xml:7:46-78
	android:icon
		ADDED from src\main\AndroidManifest.xml:7:16-45
activity#com.paad.compass.MyActivity
ADDED from src\main\AndroidManifest.xml:8:5-13:16
	android:label
		ADDED from src\main\AndroidManifest.xml:8:42-74
	android:name
		ADDED from src\main\AndroidManifest.xml:8:15-41
intent-filter#android.intent.action.MAIN+android.intent.category.LAUNCHER
ADDED from src\main\AndroidManifest.xml:9:7-12:23
action#android.intent.action.MAIN
ADDED from src\main\AndroidManifest.xml:10:9-61
	android:name
		ADDED from src\main\AndroidManifest.xml:10:17-58
category#android.intent.category.LAUNCHER
ADDED from src\main\AndroidManifest.xml:11:9-69
	android:name
		ADDED from src\main\AndroidManifest.xml:11:19-66
uses-sdk
INJECTED from src\main\AndroidManifest.xml reason: use-sdk injection requested
	android:targetSdkVersion
		INJECTED from src\main\AndroidManifest.xml
		INJECTED from src\main\AndroidManifest.xml
	android:minSdkVersion
		INJECTED from src\main\AndroidManifest.xml
		INJECTED from src\main\AndroidManifest.xml